[main] INFO soot.jimple.infoflow.cmd.MainClass - Analyzing app C:\Users\kouliva\Downloads\AndrotomistLite\src\Runner\bin\Debug\netcoreapp3.1\apps\eAusweise_1.1.1_Apkpure.apk (1 of 1)...
[main] INFO soot.jimple.infoflow.android.SetupApplication - Initializing Soot...
[main] INFO soot.jimple.infoflow.android.SetupApplication - Loading dex files...
[main] INFO soot.jimple.infoflow.android.SetupApplication - ARSC file parsing took 0.068897 seconds
[main] INFO soot.jimple.infoflow.memory.MemoryWarningSystem - Registered a memory warning system for 153.619 MiB
[main] INFO soot.jimple.infoflow.android.entryPointCreators.AndroidEntryPointCreator - Creating Android entry point for 11 components...
[main] INFO soot.jimple.infoflow.android.SetupApplication - Constructing the callgraph...
[Low memory monitor] INFO soot.jimple.infoflow.memory.MemoryWarningSystem - Triggering memory warning at 168 MB (178 MB max, 162 in watched memory pool)...
[Low memory monitor] WARN soot.jimple.infoflow.memory.FlowDroidMemoryWatcher - Running out of memory, solvers terminated
[main] INFO soot.jimple.infoflow.android.callbacks.DefaultCallbackAnalyzer - Collecting callbacks in DEFAULT mode...
[main] INFO soot.jimple.infoflow.android.callbacks.DefaultCallbackAnalyzer - Callback analysis done.
[main] WARN soot.jimple.infoflow.android.SetupApplication - Aborted callback collection because of low memory
[main] INFO soot.jimple.infoflow.memory.MemoryWarningSystem - Shutting down the memory warning system...
[main] WARN soot.jimple.infoflow.android.SetupApplication - Callback analysis aborted early due to time or memory exhaustion
[main] INFO soot.jimple.infoflow.android.SetupApplication - Entry point calculation done.
[main] WARN soot.jimple.infoflow.android.data.parsers.PermissionMethodParser - Line does not match: <org.springframework.web.servlet.tags.UrlTag: java.lang.String createUrl)> -> _SINK_
[main] WARN soot.jimple.infoflow.android.data.parsers.PermissionMethodParser - Line does not match: <org.springframework.orm.hibernate3.support.ClobStringType: int[] sqlTypes)> -> _SINK_
[main] WARN soot.jimple.infoflow.android.data.parsers.PermissionMethodParser - Line does not match: <org.springframework.security.config.http.CsrfBeanDefinitionParser: org.springframework.beans.factory.config.BeanDefinition getCsrfLogoutHandler)> -> _SOURCE_
[main] WARN soot.jimple.infoflow.android.data.parsers.PermissionMethodParser - Line does not match: <java.io.File: java.io.File getAbsoluteFile)> -> _SOURCE_
[main] WARN soot.jimple.infoflow.android.data.parsers.PermissionMethodParser - Line does not match: <org.springframework.security.config.http.FormLoginBeanDefinitionParser: java.lang.String getLoginPage)> -> _SOURCE_
[main] WARN soot.jimple.infoflow.android.data.parsers.PermissionMethodParser - Line does not match: <com.google.auth.oauth2.UserCredentials: java.lang.String getClientSecret)> -> _SOURCE_
[main] WARN soot.jimple.infoflow.android.data.parsers.PermissionMethodParser - Line does not match: <org.springframework.web.servlet.tags.UrlTag: java.lang.String createUrl)> -> _SOURCE_
[main] WARN soot.jimple.infoflow.android.data.parsers.PermissionMethodParser - Line does not match: <java.io.File: java.io.File getCanonicalFile)> -> _SOURCE_
[main] WARN soot.jimple.infoflow.android.data.parsers.PermissionMethodParser - Line does not match: <org.apache.xmlrpc.webserver.RequestData: java.lang.String getMethod)> -> _SOURCE_
[main] WARN soot.jimple.infoflow.android.data.parsers.PermissionMethodParser - Line does not match: <org.dmfs.oauth2.client.http.requests.ResourceOwnerPasswordTokenRequest: org.dmfs.httpclient.HttpRequestEntity requestEntity)> -> _SOURCE_
[main] WARN soot.jimple.infoflow.android.data.parsers.PermissionMethodParser - Line does not match: <org.springframework.security.concurrent.DelegatingSecurityContextExecutorService: java.util.concurrent.ExecutorService getDelegate)> -> _SOURCE_
[main] WARN soot.jimple.infoflow.android.data.parsers.PermissionMethodParser - Line does not match: <org.springframework.security.config.annotation.web.builders.HttpSecurity: org.springframework.security.config.'annotation'.web.configurers.HeadersConfigurer headers)> -> _SOURCE_
[main] WARN soot.jimple.infoflow.android.data.parsers.PermissionMethodParser - Line does not match: <org.springframework.web.servlet.tags.EscapeBodyTag: java.lang.String readBodyContent)> -> _SOURCE_
[main] WARN soot.jimple.infoflow.android.data.parsers.PermissionMethodParser - Line does not match: <org.springframework.security.config.http.FormLoginBeanDefinitionParser: java.lang.String getLoginProcessingUrl)> -> _SOURCE_
[main] WARN soot.jimple.infoflow.android.data.parsers.PermissionMethodParser - Line does not match: <org.springframework.security.config.annotation.web.configurers.LogoutConfigurer: java.util.List getLogoutHandlers)> -> _SOURCE_
[main] WARN soot.jimple.infoflow.android.data.parsers.PermissionMethodParser - Line does not match: <org.apache.xmlrpc.webserver.RequestData: java.lang.String getHttpVersion)> -> _SOURCE_
[main] WARN soot.jimple.infoflow.android.data.parsers.PermissionMethodParser - Line does not match: <com.google.auth.oauth2.DefaultCredentialsProvider: java.io.File getWellKnownCredentialsFile)> -> _SOURCE_
[main] WARN soot.jimple.infoflow.android.data.parsers.PermissionMethodParser - Line does not match: <org.apache.xmlrpc.webserver.HttpServletRequestImpl: void parseParameters)> -> _SOURCE_
[main] WARN soot.jimple.infoflow.android.data.parsers.PermissionMethodParser - Line does not match:     
[main] INFO soot.jimple.infoflow.android.source.AccessPathBasedSourceSinkManager - Created a SourceSinkManager with 68 sources, 194 sinks, and 0 callback methods.
[main] INFO soot.jimple.infoflow.android.SetupApplication - Collecting callbacks and building a callgraph took 49 seconds
[main] INFO soot.jimple.infoflow.android.SetupApplication - Running data flow analysis on C:\Users\kouliva\Downloads\AndrotomistLite\src\Runner\bin\Debug\netcoreapp3.1\apps\eAusweise_1.1.1_Apkpure.apk with 68 sources and 194 sinks...
[main] INFO soot.jimple.infoflow.InfoflowConfiguration - Implicit flow tracking is NOT enabled
[main] INFO soot.jimple.infoflow.InfoflowConfiguration - Exceptional flow tracking is enabled
[main] INFO soot.jimple.infoflow.InfoflowConfiguration - Running with a maximum access path length of 5
[main] INFO soot.jimple.infoflow.InfoflowConfiguration - Using path-agnostic result collection
[main] INFO soot.jimple.infoflow.InfoflowConfiguration - Recursive access path shortening is enabled
[main] INFO soot.jimple.infoflow.InfoflowConfiguration - Taint analysis enabled: true
[main] INFO soot.jimple.infoflow.InfoflowConfiguration - Using alias algorithm FlowSensitive
[main] INFO soot.jimple.infoflow.memory.MemoryWarningSystem - Registered a memory warning system for 153.619 MiB
[main] INFO soot.jimple.infoflow.android.SetupApplication$InPlaceInfoflow - Callgraph construction took 0 seconds
[main] INFO soot.jimple.infoflow.codeOptimization.InterproceduralConstantValuePropagator - Removing side-effect free methods is disabled
[main] INFO soot.jimple.infoflow.android.SetupApplication$InPlaceInfoflow - Dead code elimination took 5.9959814 seconds
[main] INFO soot.jimple.infoflow.android.SetupApplication$InPlaceInfoflow - Callgraph has 16793 edges
[main] INFO soot.jimple.infoflow.android.SetupApplication$InPlaceInfoflow - Starting Taint Analysis
[main] INFO soot.jimple.infoflow.android.SetupApplication$InPlaceInfoflow - Using context- and flow-sensitive solver
[main] INFO soot.jimple.infoflow.android.SetupApplication$InPlaceInfoflow - Using context- and flow-sensitive solver
[main] WARN soot.jimple.infoflow.android.SetupApplication$InPlaceInfoflow - Running with limited join point abstractions can break context-sensitive path builders
[main] INFO soot.jimple.infoflow.android.SetupApplication$InPlaceInfoflow - Looking for sources and sinks...
[main] INFO soot.jimple.infoflow.android.SetupApplication$InPlaceInfoflow - Source lookup done, found 8 sources and 102 sinks.
[FlowDroid] ERROR heros.solver.CountingThreadPoolExecutor - Worker thread execution failed: java.lang.OutOfMemoryError: Java heap space
com.google.common.util.concurrent.ExecutionError: java.lang.OutOfMemoryError: Java heap space
	at com.google.common.cache.LocalCache$Segment.get(LocalCache.java:2048)
	at com.google.common.cache.LocalCache.get(LocalCache.java:3951)
	at com.google.common.cache.LocalCache.getOrLoad(LocalCache.java:3973)
	at com.google.common.cache.LocalCache$LocalLoadingCache.get(LocalCache.java:4957)
	at com.google.common.cache.LocalCache$LocalLoadingCache.getUnchecked(LocalCache.java:4963)
	at soot.jimple.toolkits.ide.icfg.AbstractJimpleBasedICFG.getOrCreateUnitGraph(AbstractJimpleBasedICFG.java:126)
	at soot.jimple.toolkits.ide.icfg.AbstractJimpleBasedICFG.isExitStmt(AbstractJimpleBasedICFG.java:149)
	at soot.jimple.toolkits.ide.icfg.AbstractJimpleBasedICFG.isExitStmt(AbstractJimpleBasedICFG.java:52)
	at soot.jimple.infoflow.solver.cfg.InfoflowCFG.isExitStmt(InfoflowCFG.java:163)
	at soot.jimple.infoflow.solver.cfg.InfoflowCFG.isExitStmt(InfoflowCFG.java:58)
	at soot.jimple.infoflow.solver.fastSolver.IFDSSolver$PathEdgeProcessingTask.run(IFDSSolver.java:755)
	at java.util.concurrent.ThreadPoolExecutor.runWorker(Unknown Source)
	at java.util.concurrent.ThreadPoolExecutor$Worker.run(Unknown Source)
	at java.lang.Thread.run(Unknown Source)
Caused by: java.lang.OutOfMemoryError: Java heap space
	at java.util.HashMap.resize(Unknown Source)
	at java.util.HashMap.putVal(Unknown Source)
	at java.util.HashMap.put(Unknown Source)
	at soot.toolkits.graph.UnitGraph.combineMapValues(UnitGraph.java:207)
	at soot.toolkits.graph.ExceptionalUnitGraph.initialize(ExceptionalUnitGraph.java:229)
	at soot.toolkits.graph.ExceptionalUnitGraph.<init>(ExceptionalUnitGraph.java:127)
	at soot.jimple.infoflow.cfg.DefaultBiDiICFGFactory$1.makeGraph(DefaultBiDiICFGFactory.java:70)
	at soot.jimple.toolkits.ide.icfg.AbstractJimpleBasedICFG$1.load(AbstractJimpleBasedICFG.java:64)
	at soot.jimple.toolkits.ide.icfg.AbstractJimpleBasedICFG$1.load(AbstractJimpleBasedICFG.java:61)
	at com.google.common.cache.LocalCache$LoadingValueReference.loadFuture(LocalCache.java:3527)
	at com.google.common.cache.LocalCache$Segment.loadSync(LocalCache.java:2276)
	at com.google.common.cache.LocalCache$Segment.lockedGetOrLoad(LocalCache.java:2154)
	at com.google.common.cache.LocalCache$Segment.get(LocalCache.java:2044)
	... 13 more
Exception in thread "FlowDroid" [main] INFO soot.jimple.infoflow.memory.MemoryWarningSystem - Shutting down the memory warning system...
com.google.common.util.concurrent.ExecutionError: java.lang.OutOfMemoryError: Java heap space
	at com.google.common.cache.LocalCache$Segment.get(LocalCache.java:2048)
	at com.google.common.cache.LocalCache.get(LocalCache.java:3951)
	at com.google.common.cache.LocalCache.getOrLoad(LocalCache.java:3973)
	at com.google.common.cache.LocalCache$LocalLoadingCache.get(LocalCache.java:4957)
	at com.google.common.cache.LocalCache$LocalLoadingCache.getUnchecked(LocalCache.java:4963)
	at soot.jimple.toolkits.ide.icfg.AbstractJimpleBasedICFG.getOrCreateUnitGraph(AbstractJimpleBasedICFG.java:126)
	at soot.jimple.toolkits.ide.icfg.AbstractJimpleBasedICFG.isExitStmt(AbstractJimpleBasedICFG.java:149)
	at soot.jimple.toolkits.ide.icfg.AbstractJimpleBasedICFG.isExitStmt(AbstractJimpleBasedICFG.java:52)
	at soot.jimple.infoflow.solver.cfg.InfoflowCFG.isExitStmt(InfoflowCFG.java:163)
	at soot.jimple.infoflow.solver.cfg.InfoflowCFG.isExitStmt(InfoflowCFG.java:58)
	at soot.jimple.infoflow.solver.fastSolver.IFDSSolver$PathEdgeProcessingTask.run(IFDSSolver.java:755)
	at java.util.concurrent.ThreadPoolExecutor.runWorker(Unknown Source)
	at java.util.concurrent.ThreadPoolExecutor$Worker.run(Unknown Source)
	at java.lang.Thread.run(Unknown Source)
Caused by: java.lang.OutOfMemoryError: Java heap space
	at java.util.HashMap.resize(Unknown Source)
	at java.util.HashMap.putVal(Unknown Source)
	at java.util.HashMap.put(Unknown Source)
	at soot.toolkits.graph.UnitGraph.combineMapValues(UnitGraph.java:207)
	at soot.toolkits.graph.ExceptionalUnitGraph.initialize(ExceptionalUnitGraph.java:229)
	at soot.toolkits.graph.ExceptionalUnitGraph.<init>(ExceptionalUnitGraph.java:127)
	at soot.jimple.infoflow.cfg.DefaultBiDiICFGFactory$1.makeGraph(DefaultBiDiICFGFactory.java:70)
	at soot.jimple.toolkits.ide.icfg.AbstractJimpleBasedICFG$1.load(AbstractJimpleBasedICFG.java:64)
	at soot.jimple.toolkits.ide.icfg.AbstractJimpleBasedICFG$1.load(AbstractJimpleBasedICFG.java:61)
	at com.google.common.cache.LocalCache$LoadingValueReference.loadFuture(LocalCache.java:3527)
	at com.google.common.cache.LocalCache$Segment.loadSync(LocalCache.java:2276)
	at com.google.common.cache.LocalCache$Segment.lockedGetOrLoad(LocalCache.java:2154)
	at com.google.common.cache.LocalCache$Segment.get(LocalCache.java:2044)
	... 13 more
[main] ERROR soot.jimple.infoflow.android.SetupApplication$InPlaceInfoflow - Exception during data flow analysis
java.lang.RuntimeException: There were exceptions during IFDS analysis. Exiting.
	at soot.jimple.infoflow.solver.fastSolver.IFDSSolver.runExecutorAndAwaitCompletion(IFDSSolver.java:247)
	at soot.jimple.infoflow.solver.fastSolver.IFDSSolver.awaitCompletionComputeValuesAndShutdown(IFDSSolver.java:214)
	at soot.jimple.infoflow.solver.fastSolver.IFDSSolver.solve(IFDSSolver.java:186)
	at soot.jimple.infoflow.Infoflow.runTaintAnalysis(Infoflow.java:523)
	at soot.jimple.infoflow.Infoflow.runAnalysis(Infoflow.java:312)
	at soot.jimple.infoflow.Infoflow.runAnalysis(Infoflow.java:248)
	at soot.jimple.infoflow.android.SetupApplication$InPlaceInfoflow.runAnalysis(SetupApplication.java:1299)
	at soot.jimple.infoflow.android.SetupApplication.processEntryPoint(SetupApplication.java:1549)
	at soot.jimple.infoflow.android.SetupApplication.runInfoflow(SetupApplication.java:1484)
	at soot.jimple.infoflow.android.SetupApplication.runInfoflow(SetupApplication.java:1431)
	at soot.jimple.infoflow.cmd.MainClass.run(MainClass.java:351)
	at soot.jimple.infoflow.cmd.MainClass.main(MainClass.java:245)
Caused by: com.google.common.util.concurrent.ExecutionError: java.lang.OutOfMemoryError: Java heap space
	at com.google.common.cache.LocalCache$Segment.get(LocalCache.java:2048)
	at com.google.common.cache.LocalCache.get(LocalCache.java:3951)
	at com.google.common.cache.LocalCache.getOrLoad(LocalCache.java:3973)
	at com.google.common.cache.LocalCache$LocalLoadingCache.get(LocalCache.java:4957)
	at com.google.common.cache.LocalCache$LocalLoadingCache.getUnchecked(LocalCache.java:4963)
	at soot.jimple.toolkits.ide.icfg.AbstractJimpleBasedICFG.getOrCreateUnitGraph(AbstractJimpleBasedICFG.java:126)
	at soot.jimple.toolkits.ide.icfg.AbstractJimpleBasedICFG.isExitStmt(AbstractJimpleBasedICFG.java:149)
	at soot.jimple.toolkits.ide.icfg.AbstractJimpleBasedICFG.isExitStmt(AbstractJimpleBasedICFG.java:52)
	at soot.jimple.infoflow.solver.cfg.InfoflowCFG.isExitStmt(InfoflowCFG.java:163)
	at soot.jimple.infoflow.solver.cfg.InfoflowCFG.isExitStmt(InfoflowCFG.java:58)
	at soot.jimple.infoflow.solver.fastSolver.IFDSSolver$PathEdgeProcessingTask.run(IFDSSolver.java:755)
	at java.util.concurrent.ThreadPoolExecutor.runWorker(Unknown Source)
	at java.util.concurrent.ThreadPoolExecutor$Worker.run(Unknown Source)
	at java.lang.Thread.run(Unknown Source)
Caused by: java.lang.OutOfMemoryError: Java heap space
	at java.util.HashMap.resize(Unknown Source)
	at java.util.HashMap.putVal(Unknown Source)
	at java.util.HashMap.put(Unknown Source)
	at soot.toolkits.graph.UnitGraph.combineMapValues(UnitGraph.java:207)
	at soot.toolkits.graph.ExceptionalUnitGraph.initialize(ExceptionalUnitGraph.java:229)
	at soot.toolkits.graph.ExceptionalUnitGraph.<init>(ExceptionalUnitGraph.java:127)
	at soot.jimple.infoflow.cfg.DefaultBiDiICFGFactory$1.makeGraph(DefaultBiDiICFGFactory.java:70)
	at soot.jimple.toolkits.ide.icfg.AbstractJimpleBasedICFG$1.load(AbstractJimpleBasedICFG.java:64)
	at soot.jimple.toolkits.ide.icfg.AbstractJimpleBasedICFG$1.load(AbstractJimpleBasedICFG.java:61)
	at com.google.common.cache.LocalCache$LoadingValueReference.loadFuture(LocalCache.java:3527)
	at com.google.common.cache.LocalCache$Segment.loadSync(LocalCache.java:2276)
	at com.google.common.cache.LocalCache$Segment.lockedGetOrLoad(LocalCache.java:2154)
	at com.google.common.cache.LocalCache$Segment.get(LocalCache.java:2044)
	... 13 more
[main] INFO soot.jimple.infoflow.android.SetupApplication - Found 0 leaks